<?xml version="1.0" encoding="utf-8" standalone="no"?>
<test-run id="2" testcasecount="12" result="Passed" total="1" passed="1" failed="0" inconclusive="0" skipped="0" asserts="0" engine-version="3.10.0.0" clr-version="4.0.30319.42000" start-time="2019-07-05 05:08:44Z" end-time="2019-07-05 05:08:44Z" duration="0.563548">
  <command-line><![CDATA[tools\NUnit.ConsoleRunner.3.10.0\tools\nunit3-console.exe  Poker.Tests\bin\Debug\Poker.Tests.dll -where "cat == new"]]></command-line>
  <filter>
    <cat>new</cat>
  </filter>
  <test-suite type="Assembly" id="0-1016" name="Poker.Tests.dll" fullname="C:\projects\Poker\Poker.Tests\bin\Debug\Poker.Tests.dll" runstate="Runnable" testcasecount="12" result="Passed" start-time="2019-07-05 05:08:44Z" end-time="2019-07-05 05:08:44Z" duration="0.081747" total="1" passed="1" failed="0" warnings="0" inconclusive="0" skipped="0" asserts="0">
    <environment framework-version="3.6.0.0" clr-version="4.0.30319.42000" os-version="Microsoft Windows NT 10.0.18362.0" platform="Win32NT" cwd="C:\projects\Poker" machine-name="MHG-PC" user="ejer" user-domain="MHG-PC" culture="en-US" uiculture="en-US" os-architecture="x64" />
    <settings>
      <setting name="DisposeRunners" value="True" />
      <setting name="WorkDirectory" value="C:\projects\Poker" />
      <setting name="ImageRuntimeVersion" value="4.0.30319" />
      <setting name="ImageTargetFrameworkName" value=".NETFramework,Version=v4.5" />
      <setting name="ImageRequiresX86" value="False" />
      <setting name="ImageRequiresDefaultAppDomainAssemblyResolver" value="False" />
      <setting name="NumberOfTestWorkers" value="12" />
    </settings>
    <properties>
      <property name="_PID" value="14592" />
      <property name="_APPDOMAIN" value="domain-" />
    </properties>
    <test-suite type="TestSuite" id="0-1017" name="Poker" fullname="Poker" runstate="Runnable" testcasecount="12" result="Passed" start-time="2019-07-05 05:08:44Z" end-time="2019-07-05 05:08:44Z" duration="0.063870" total="1" passed="1" failed="0" warnings="0" inconclusive="0" skipped="0" asserts="0">
      <properties />
      <test-suite type="TestSuite" id="0-1018" name="Tests" fullname="Poker.Tests" runstate="Runnable" testcasecount="12" result="Passed" start-time="2019-07-05 05:08:44Z" end-time="2019-07-05 05:08:44Z" duration="0.059910" total="1" passed="1" failed="0" warnings="0" inconclusive="0" skipped="0" asserts="0">
        <properties />
        <test-suite type="TestFixture" id="0-1000" name="TestAppConfig02" fullname="Poker.Tests.TestAppConfig02" classname="Poker.Tests.TestAppConfig02" runstate="Runnable" testcasecount="1" result="Passed" start-time="2019-07-05 05:08:44Z" end-time="2019-07-05 05:08:44Z" duration="0.055136" total="1" passed="1" failed="0" warnings="0" inconclusive="0" skipped="0" asserts="0">
          <properties>
            <property name="Category" value="new" />
          </properties>
          <test-case id="0-1001" name="CanReadAppSettings" fullname="Poker.Tests.TestAppConfig02.CanReadAppSettings" methodname="CanReadAppSettings" classname="Poker.Tests.TestAppConfig02" runstate="Runnable" seed="608599473" result="Passed" start-time="2019-07-05 05:08:44Z" end-time="2019-07-05 05:08:44Z" duration="0.038663" asserts="0">
            <properties />
          </test-case>
        </test-suite>
      </test-suite>
    </test-suite>
  </test-suite>
</test-run>